<?xml version="1.0" encoding="UTF-8"?>
<!-- Generated by org.testng.reporters.JUnitReportReporter -->
<testsuite hostname="Srujan" failures="0" tests="1" name="dempwebshop.ErrorVaalidations" time="12.290" errors="0" timestamp="2023-02-07T10:34:50 IST" skipped="0">
  <testcase classname="dempwebshop.ErrorVaalidations" name="submitOrder" time="12.290"/>
  <system-out/>
</testsuite> <!-- dempwebshop.ErrorVaalidations -->
