<?xml version="1.0" encoding="UTF-8"?>
<!-- Generated by org.testng.reporters.JUnitReportReporter -->
<testsuite hostname="Srujan" failures="0" tests="1" name="demowebshop.TestComponents.ParameterValidationTest" time="103.071" errors="0" timestamp="2023-02-08T13:09:18 IST" skipped="0">
  <testcase classname="demowebshop.TestComponents.ParameterValidationTest" name="submitorder" time="103.071"/>
  <system-out/>
</testsuite> <!-- demowebshop.TestComponents.ParameterValidationTest -->
