<?xml version="1.0" encoding="UTF-8"?>
<!-- Generated by org.testng.reporters.JUnitReportReporter -->
<testsuite hostname="Srujan" failures="0" tests="1" name="demowebshop.TestComponents.SubmitOrderTest" time="43.759" errors="0" timestamp="2023-02-07T12:16:15 IST" skipped="0">
  <testcase classname="demowebshop.TestComponents.SubmitOrderTest" name="submitorder" time="43.759"/>
  <system-out/>
</testsuite> <!-- demowebshop.TestComponents.SubmitOrderTest -->
