<?xml version="1.0" encoding="UTF-8"?>
<!-- Generated by org.testng.reporters.JUnitReportReporter -->
<testsuite hostname="Srujan" failures="0" tests="1" name="demowebshop.TestComponents.ErrorVaalidations" time="17.539" errors="0" timestamp="2023-02-08T13:12:29 IST" skipped="0">
  <testcase classname="demowebshop.TestComponents.ErrorVaalidations" name="invalidPassword" time="17.539"/>
  <system-out/>
</testsuite> <!-- demowebshop.TestComponents.ErrorVaalidations -->
