<?xml version="1.0" encoding="UTF-8"?>
<!-- Generated by org.testng.reporters.JUnitReportReporter -->
<testsuite hostname="Srujan" failures="0" tests="1" name="dempwebshop.SubmitOrderTest" time="31.385" errors="0" timestamp="2023-02-07T09:13:57 IST" skipped="0">
  <testcase classname="dempwebshop.SubmitOrderTest" name="submitorder" time="31.385"/>
  <system-out/>
</testsuite> <!-- dempwebshop.SubmitOrderTest -->
